2019-11-04 09:46:42.589828: Logfile opened 
2019-11-04 09:46:42.763870: Open a connection to the SimpliVity systems 
2019-11-04 09:46:42.766838: Open Connection to SimpliVity 
2019-11-04 09:46:43.002525: Connection to SimpliVity is open 
2019-11-04 09:46:43.003528: Logfile closed 
2019-11-07 10:16:06.437404: Logfile opened 
2019-11-07 10:16:07.619392: Open a connection to the SimpliVity systems 
2019-11-07 10:16:07.622355: Open Connection to SimpliVity 
2019-11-07 10:16:08.059463: Connection to SimpliVity is open 
2019-11-07 10:16:08.060464: Logfile closed 
2019-11-07 10:16:20.212675: Logfile opened 
2019-11-07 10:16:20.212675: Open Connection to SimpliVity 
2019-11-07 10:16:20.448337: Connection to SimpliVity is open 
2019-11-07 10:16:20.449338: Logfile closed 
2019-11-07 10:16:32.513652: Logfile opened 
2019-11-07 10:16:32.513652: Open Connection to SimpliVity 
2019-11-07 10:16:32.770472: Connection to SimpliVity is open 
2019-11-07 10:16:32.772472: Logfile closed 
2019-11-07 10:16:44.793118: Logfile opened 
2019-11-07 10:16:44.793118: Open Connection to SimpliVity 
2019-11-07 10:16:45.050113: Connection to SimpliVity is open 
2019-11-07 10:16:45.051111: Logfile closed 
2019-11-07 10:16:57.079209: Logfile opened 
2019-11-07 10:16:57.079209: Open Connection to SimpliVity 
2019-11-07 10:16:57.348135: Connection to SimpliVity is open 
2019-11-07 10:16:57.349144: Logfile closed 
2019-11-07 10:17:34.354326: Logfile opened 
2019-11-07 10:17:34.539654: Open a connection to the SimpliVity systems 
2019-11-07 10:17:34.543652: Open Connection to SimpliVity 
2019-11-07 10:17:34.806190: Connection to SimpliVity is open 
2019-11-07 10:17:34.807194: Logfile closed 
2019-11-07 10:19:26.584212: Logfile opened 
2019-11-07 10:19:27.935690: Open Connection to SimpliVity 
2019-11-07 10:19:31.554143: Connection to SimpliVity is open 
2019-11-07 10:19:33.339998: Logfile closed 
2019-11-07 10:19:54.546447: Logfile opened 
2019-11-07 10:19:55.169106: Open Connection to SimpliVity 
2019-11-07 10:22:21.277514: Connection to SimpliVity is open 
2019-11-07 10:22:22.102122: Logfile closed 
2019-11-07 11:05:03.466518: Logfile opened 
2019-11-07 11:05:03.629519: Open a connection to the SimpliVity systems 
2019-11-07 11:05:03.632477: Open Connection to SimpliVity 
2019-11-07 11:05:03.984020: Connection to SimpliVity is open 
2019-11-07 11:05:03.987983: Logfile closed 
2019-11-07 11:09:56.720944: Logfile opened 
2019-11-07 11:09:56.880998: Open a connection to the SimpliVity systems 
2019-11-07 11:09:56.883967: Open Connection to SimpliVity 
2019-11-07 11:09:57.239161: Connection to SimpliVity is open 
2019-11-07 11:09:57.240331: Logfile closed 
2019-11-15 10:12:06.855272: Logfile opened 
2019-11-15 10:12:08.776872: Open a connection to the SimpliVity systems 
2019-11-15 10:12:08.783880: Open Connection to SimpliVity 
2019-11-15 10:12:09.128879: Connection to SimpliVity is open 
2019-11-15 10:12:09.130879: Logfile closed 
